<?xml version="1.0" encoding="UTF-8"?>
<!-- Generated by org.testng.reporters.JUnitReportReporter -->
<testsuite hostname="DESKTOP-GLTDHMS" failures="0" tests="1" name="TestCases.VerfySignUp" time="11.132" errors="0" timestamp="2023-04-29T16:54:50 IST" skipped="0">
  <testcase classname="TestCases.VerfySignUp" name="signUp" time="11.132"/>
  <system-out/>
</testsuite> <!-- TestCases.VerfySignUp -->
