<?xml version="1.0" encoding="UTF-8"?>
<!-- Generated by org.testng.reporters.JUnitReportReporter -->
<testsuite hostname="DESKTOP-GLTDHMS" failures="0" tests="1" name="TestCases.excelCom" time="12.463" errors="0" timestamp="2023-05-03T22:50:38 IST" skipped="0">
  <testcase classname="TestCases.excelCom" name="login" time="12.463"/>
  <system-out/>
</testsuite> <!-- TestCases.excelCom -->
