<?xml version="1.0" encoding="UTF-8"?>
<!-- Generated by org.testng.reporters.JUnitReportReporter -->
<testsuite hostname="DESKTOP-GLTDHMS" failures="0" tests="1" name="TestCases.ExcelLogin" time="6.577" errors="0" timestamp="2023-04-28T22:50:27 IST" skipped="0">
  <testcase classname="TestCases.ExcelLogin" name="loginExcel" time="6.577"/>
  <system-out/>
</testsuite> <!-- TestCases.ExcelLogin -->
