<?xml version="1.0" encoding="UTF-8"?>
<!-- Generated by org.testng.reporters.JUnitReportReporter -->
<testsuite hostname="DESKTOP-GLTDHMS" failures="0" tests="1" name="TestCases.loginArrayList" time="8.614" errors="0" timestamp="2023-05-03T22:39:19 IST" skipped="0">
  <testcase classname="TestCases.loginArrayList" name="login" time="8.614"/>
  <system-out/>
</testsuite> <!-- TestCases.loginArrayList -->
