<?xml version="1.0" encoding="UTF-8"?>
<!-- Generated by org.testng.reporters.JUnitReportReporter -->
<testsuite hostname="DESKTOP-GLTDHMS" failures="0" tests="1" name="TestCases.VerifyLogin" time="5.663" errors="0" timestamp="2023-05-01T22:59:39 IST" skipped="0">
  <testcase classname="TestCases.VerifyLogin" name="Invalidlogin" time="5.663"/>
  <system-out/>
</testsuite> <!-- TestCases.VerifyLogin -->
